Davis scrub complete, time elapsed: 2.18 minutes
Davis scrub complete, time elapsed: 2.09 minutes
2017-10-20 13:37:00
Davis scrub complete, time elapsed: 1.88 minutes
Scrub Complete
2017-10-20 14:00:01
Scrub Complete
2017-10-20 14:30:01
Email successfully sent
Email successfully sent
Scrub Complete
2017-10-20 15:00:01
Davis scrub complete, time elapsed: 1.90 minutes
Scrub Complete
2017-10-20 15:30:01
Davis scrub complete, time elapsed: 2.02 minutes
2017-10-20 16:00:01
Davis scrub complete, time elapsed: 2.04 minutes
2017-10-20 16:30:01
Davis scrub complete, time elapsed: 1.99 minutes
2017-10-20 17:00:01
Davis scrub complete, time elapsed: 1.99 minutes
2017-10-20 17:30:01
Davis scrub complete, time elapsed: 2.04 minutes
2017-10-20 18:00:01
Davis scrub complete, time elapsed: 2.34 minutes
2017-10-20 18:30:01
Davis scrub complete, time elapsed: 2.32 minutes
2017-10-20 19:00:01
Davis scrub complete, time elapsed: 2.05 minutes
2017-10-20 19:30:01
Davis scrub complete, time elapsed: 2.11 minutes
2017-10-20 20:00:02
Davis scrub complete, time elapsed: 2.05 minutes
2017-10-20 20:30:01
Davis scrub complete, time elapsed: 2.09 minutes
2017-10-20 21:00:01
Davis scrub complete, time elapsed: 2.07 minutes
2017-10-20 21:30:01
Davis scrub complete, time elapsed: 2.53 minutes
2017-10-20 22:00:01
Davis scrub complete, time elapsed: 2.02 minutes
2017-10-20 22:30:01
Davis scrub complete, time elapsed: 2.07 minutes
2017-10-20 23:00:01
Davis scrub complete, time elapsed: 2.08 minutes
2017-10-20 23:30:01
Davis scrub complete, time elapsed: 1.88 minutes
2017-10-21 00:00:01
Davis scrub complete, time elapsed: 1.98 minutes
2017-10-21 00:30:01
Davis scrub complete, time elapsed: 2.33 minutes
2017-10-21 01:00:01
Davis scrub complete, time elapsed: 2.03 minutes
2017-10-21 01:30:01
Davis scrub complete, time elapsed: 1.87 minutes
2017-10-21 02:00:01
Davis scrub complete, time elapsed: 1.86 minutes
2017-10-21 02:30:01
Davis scrub complete, time elapsed: 1.87 minutes
2017-10-21 03:00:01
Davis scrub complete, time elapsed: 1.85 minutes
2017-10-21 03:30:01
Davis scrub complete, time elapsed: 1.89 minutes
2017-10-21 04:00:01
Davis scrub complete, time elapsed: 1.87 minutes
2017-10-21 04:30:01
Davis scrub complete, time elapsed: 1.91 minutes
2017-10-21 05:00:01
Davis scrub complete, time elapsed: 2.08 minutes
2017-10-21 05:30:01
Davis scrub complete, time elapsed: 1.87 minutes
2017-10-21 06:00:01
Davis scrub complete, time elapsed: 2.24 minutes
2017-10-21 06:30:01
Davis scrub complete, time elapsed: 2.03 minutes
2017-10-21 07:00:01
Davis scrub complete, time elapsed: 1.80 minutes
2017-10-21 07:30:01
Davis scrub complete, time elapsed: 1.83 minutes
2017-10-21 08:00:01
Davis scrub complete, time elapsed: 1.83 minutes
2017-10-21 08:30:01
Davis scrub complete, time elapsed: 1.97 minutes
2017-10-21 09:00:01
Davis scrub complete, time elapsed: 1.87 minutes
2017-10-21 09:30:01
Davis scrub complete, time elapsed: 1.88 minutes
2017-10-21 10:00:01
Davis scrub complete, time elapsed: 1.91 minutes
2017-10-21 10:30:01
Davis scrub complete, time elapsed: 2.10 minutes
2017-10-21 11:00:01
Davis scrub complete, time elapsed: 1.93 minutes
2017-10-21 11:30:01
Davis scrub complete, time elapsed: 2.06 minutes
2017-10-21 12:00:01
Davis scrub complete, time elapsed: 2.11 minutes
2017-10-21 12:30:01
Davis scrub complete, time elapsed: 2.19 minutes
2017-10-21 13:00:01
Davis scrub complete, time elapsed: 2.01 minutes
2017-10-21 13:30:01
Davis scrub complete, time elapsed: 1.85 minutes
2017-10-21 14:00:01
Davis scrub complete, time elapsed: 1.95 minutes
2017-10-21 14:30:01
Davis scrub complete, time elapsed: 2.01 minutes
2017-10-21 15:00:01
Davis scrub complete, time elapsed: 1.97 minutes
2017-10-21 15:30:01
Davis scrub complete, time elapsed: 1.98 minutes
2017-10-21 16:00:01
Davis scrub complete, time elapsed: 2.05 minutes
2017-10-21 16:30:01
Davis scrub complete, time elapsed: 2.08 minutes
2017-10-21 17:00:01
Davis scrub complete, time elapsed: 2.29 minutes
2017-10-21 17:30:01
Davis scrub complete, time elapsed: 2.17 minutes
2017-10-21 18:00:01
Davis scrub complete, time elapsed: 2.06 minutes
2017-10-21 18:30:01
Davis scrub complete, time elapsed: 2.05 minutes
2017-10-21 19:00:01
Davis scrub complete, time elapsed: 2.19 minutes
2017-10-21 19:30:01
Davis scrub complete, time elapsed: 2.06 minutes
2017-10-21 20:00:01
Davis scrub complete, time elapsed: 2.13 minutes
2017-10-21 20:30:01
Davis scrub complete, time elapsed: 2.01 minutes
2017-10-21 21:00:01
Davis scrub complete, time elapsed: 1.93 minutes
2017-10-21 21:30:01
Davis scrub complete, time elapsed: 1.90 minutes
2017-10-21 22:00:01
Davis scrub complete, time elapsed: 2.07 minutes
2017-10-21 22:30:02
Davis scrub complete, time elapsed: 1.90 minutes
2017-10-21 23:00:01
Davis scrub complete, time elapsed: 1.95 minutes
2017-10-21 23:30:01
Davis scrub complete, time elapsed: 2.07 minutes
2017-10-22 00:00:01
Davis scrub complete, time elapsed: 1.99 minutes
2017-10-22 00:30:01
Davis scrub complete, time elapsed: 2.02 minutes
2017-10-22 01:00:01
Davis scrub complete, time elapsed: 1.81 minutes
2017-10-22 01:30:01
Davis scrub complete, time elapsed: 1.87 minutes
2017-10-22 02:00:01
Davis scrub complete, time elapsed: 1.89 minutes
2017-10-22 02:30:01
Davis scrub complete, time elapsed: 1.77 minutes
2017-10-22 03:00:01
Davis scrub complete, time elapsed: 1.74 minutes
2017-10-22 03:30:01
Davis scrub complete, time elapsed: 1.76 minutes
2017-10-22 04:00:01
Davis scrub complete, time elapsed: 1.85 minutes
2017-10-22 04:30:01
Davis scrub complete, time elapsed: 1.79 minutes
2017-10-22 05:00:01
Davis scrub complete, time elapsed: 1.78 minutes
2017-10-22 05:30:01
Davis scrub complete, time elapsed: 1.84 minutes
2017-10-22 06:00:01
Davis scrub complete, time elapsed: 1.94 minutes
2017-10-22 06:30:01
Davis scrub complete, time elapsed: 1.83 minutes
2017-10-22 07:00:01
Davis scrub complete, time elapsed: 1.82 minutes
2017-10-22 07:30:01
Davis scrub complete, time elapsed: 1.86 minutes
2017-10-22 08:00:01
Davis scrub complete, time elapsed: 1.84 minutes
2017-10-22 08:30:01
Davis scrub complete, time elapsed: 2.07 minutes
2017-10-22 09:00:01
Davis scrub complete, time elapsed: 1.86 minutes
2017-10-22 09:30:01
Davis scrub complete, time elapsed: 2.01 minutes
2017-10-22 10:00:01
Davis scrub complete, time elapsed: 1.95 minutes
2017-10-22 10:30:01
Davis scrub complete, time elapsed: 1.96 minutes
2017-10-22 11:00:01
Davis scrub complete, time elapsed: 2.27 minutes
2017-10-22 11:30:01
Davis scrub complete, time elapsed: 1.98 minutes
2017-10-22 12:00:01
Davis scrub complete, time elapsed: 1.96 minutes
2017-10-22 12:30:01
Davis scrub complete, time elapsed: 3.24 minutes
2017-10-22 13:00:01
Davis scrub complete, time elapsed: 1.97 minutes
2017-10-22 13:30:01
Davis scrub complete, time elapsed: 1.93 minutes
2017-10-22 14:00:01
Davis scrub complete, time elapsed: 2.13 minutes
2017-10-22 14:30:01
Davis scrub complete, time elapsed: 1.96 minutes
2017-10-22 15:00:01
Davis scrub complete, time elapsed: 1.95 minutes
2017-10-22 15:30:01
Davis scrub complete, time elapsed: 2.01 minutes
2017-10-22 16:00:01
Davis scrub complete, time elapsed: 2.07 minutes
2017-10-22 16:30:01
Davis scrub complete, time elapsed: 2.10 minutes
2017-10-22 17:00:01
Davis scrub complete, time elapsed: 1.98 minutes
2017-10-22 17:30:01
Davis scrub complete, time elapsed: 2.81 minutes
2017-10-22 18:00:01
Davis scrub complete, time elapsed: 2.09 minutes
2017-10-22 18:30:01
Davis scrub complete, time elapsed: 2.32 minutes
2017-10-22 19:00:01
Davis scrub complete, time elapsed: 2.10 minutes
2017-10-22 19:30:01
Davis scrub complete, time elapsed: 1.94 minutes
2017-10-22 20:00:01
Davis scrub complete, time elapsed: 2.00 minutes
2017-10-22 20:30:01
Davis scrub complete, time elapsed: 1.99 minutes
2017-10-22 21:00:01
Davis scrub complete, time elapsed: 2.13 minutes
2017-10-22 21:30:01
Davis scrub complete, time elapsed: 1.99 minutes
2017-10-22 22:00:01
Davis scrub complete, time elapsed: 1.97 minutes
2017-10-22 22:30:01
Davis scrub complete, time elapsed: 1.97 minutes
2017-10-22 23:00:01
Davis scrub complete, time elapsed: 1.95 minutes
2017-10-22 23:30:01
Davis scrub complete, time elapsed: 1.89 minutes
2017-10-23 00:00:01
Davis scrub complete, time elapsed: 1.99 minutes
2017-10-23 00:30:01
Davis scrub complete, time elapsed: 1.90 minutes
2017-10-23 01:00:01
Davis scrub complete, time elapsed: 1.80 minutes
2017-10-23 01:30:01
Davis scrub complete, time elapsed: 1.79 minutes
2017-10-23 02:00:01
Davis scrub complete, time elapsed: 1.91 minutes
2017-10-23 02:30:01
Davis scrub complete, time elapsed: 1.86 minutes
2017-10-23 03:00:01
Davis scrub complete, time elapsed: 1.73 minutes
2017-10-23 03:30:01
Davis scrub complete, time elapsed: 1.88 minutes
2017-10-23 04:00:01
Davis scrub complete, time elapsed: 1.87 minutes
2017-10-23 04:30:01
Davis scrub complete, time elapsed: 1.82 minutes
2017-10-23 05:00:01
Davis scrub complete, time elapsed: 1.84 minutes
2017-10-23 05:30:01
Davis scrub complete, time elapsed: 1.99 minutes
2017-10-23 06:00:01
Davis scrub complete, time elapsed: 1.96 minutes
2017-10-23 06:30:01
Davis scrub complete, time elapsed: 2.18 minutes
2017-10-23 07:00:01
Davis scrub complete, time elapsed: 1.88 minutes
2017-10-23 07:30:01
Davis scrub complete, time elapsed: 1.96 minutes
2017-10-23 08:00:01
Davis scrub complete, time elapsed: 1.81 minutes
2017-10-23 08:30:01
Davis scrub complete, time elapsed: 1.93 minutes
2017-10-23 09:00:01
Davis scrub complete, time elapsed: 2.00 minutes
2017-10-23 09:30:01
Davis scrub complete, time elapsed: 2.05 minutes
2017-10-23 10:00:01
Davis scrub complete, time elapsed: 2.01 minutes
2017-10-23 10:30:01
Davis scrub complete, time elapsed: 1.99 minutes
2017-10-23 11:00:01
Davis scrub complete, time elapsed: 2.49 minutes
2017-10-23 11:30:01
Davis scrub complete, time elapsed: 2.09 minutes
2017-10-23 12:00:01
Davis scrub complete, time elapsed: 2.05 minutes
2017-10-23 12:30:01
Davis scrub complete, time elapsed: 2.19 minutes
2017-10-23 13:00:01
Davis scrub complete, time elapsed: 1.95 minutes
2017-10-23 13:30:01
Davis scrub complete, time elapsed: 1.97 minutes
2017-10-23 14:00:01
Davis scrub complete, time elapsed: 2.03 minutes
2017-10-23 14:30:01
Davis scrub complete, time elapsed: 2.27 minutes
2017-10-23 15:00:01
Davis scrub complete, time elapsed: 2.18 minutes
2017-10-23 15:30:01
Davis scrub complete, time elapsed: 3.42 minutes
2017-10-23 16:00:01
Davis scrub complete, time elapsed: 2.05 minutes
2017-10-23 16:30:01
Davis scrub complete, time elapsed: 2.16 minutes
2017-10-23 17:00:01
Davis scrub complete, time elapsed: 2.10 minutes
2017-10-23 17:30:01
Davis scrub complete, time elapsed: 2.43 minutes
2017-10-23 18:00:01
Davis scrub complete, time elapsed: 4.06 minutes
2017-10-23 18:30:01
Davis scrub complete, time elapsed: 4.65 minutes
2017-10-23 19:00:01
Davis scrub complete, time elapsed: 5.11 minutes
2017-10-23 19:30:01
Davis scrub complete, time elapsed: 4.25 minutes
2017-10-23 20:00:01
Davis scrub complete, time elapsed: 5.98 minutes
2017-10-23 20:30:01
Davis scrub complete, time elapsed: 5.37 minutes
2017-10-23 21:00:01
Davis scrub complete, time elapsed: 3.80 minutes
2017-10-23 21:30:01
Davis scrub complete, time elapsed: 5.33 minutes
2017-10-23 22:00:01
Davis scrub complete, time elapsed: 6.64 minutes
2017-10-23 22:30:01
Davis scrub complete, time elapsed: 3.55 minutes
2017-10-23 23:00:01
Davis scrub complete, time elapsed: 4.60 minutes
2017-10-23 23:30:01
Davis scrub complete, time elapsed: 3.69 minutes
2017-10-24 00:00:01
Davis scrub complete, time elapsed: 7.01 minutes
2017-10-24 00:30:01
Davis scrub complete, time elapsed: 6.27 minutes
2017-10-24 01:00:01
Davis scrub complete, time elapsed: 5.55 minutes
2017-10-24 01:30:01
Davis scrub complete, time elapsed: 3.67 minutes
2017-10-24 02:00:01
Davis scrub complete, time elapsed: 4.93 minutes
2017-10-24 02:30:01
Davis scrub complete, time elapsed: 6.48 minutes
2017-10-24 03:00:01
Davis scrub complete, time elapsed: 5.80 minutes
2017-10-24 03:30:01
Davis scrub complete, time elapsed: 6.26 minutes
2017-10-24 04:00:01
Davis scrub complete, time elapsed: 6.33 minutes
2017-10-24 04:30:01
Davis scrub complete, time elapsed: 6.95 minutes
2017-10-24 05:00:01
Davis scrub complete, time elapsed: 5.68 minutes
2017-10-24 05:30:01
Davis scrub complete, time elapsed: 4.46 minutes
2017-10-24 06:00:01
Davis scrub complete, time elapsed: 4.79 minutes
2017-10-24 06:30:01
Email successfully sent
Email successfully sent
2017-10-24 07:00:01
Email successfully sent
Email successfully sent
2017-10-24 07:30:01
Davis scrub complete, time elapsed: 5.73 minutes
2017-10-24 08:00:01
Davis scrub complete, time elapsed: 4.19 minutes
2017-10-24 08:30:01
Davis scrub complete, time elapsed: 2.51 minutes
2017-10-24 09:00:01
Davis scrub complete, time elapsed: 5.66 minutes
2017-10-24 09:30:01
Davis scrub complete, time elapsed: 7.13 minutes
2017-10-24 10:00:01
Davis scrub complete, time elapsed: 5.16 minutes
2017-10-24 10:30:01
Davis scrub complete, time elapsed: 3.68 minutes
2017-10-24 11:00:01
Davis scrub complete, time elapsed: 5.83 minutes
2017-10-24 11:30:01
Davis scrub complete, time elapsed: 2.60 minutes
2017-10-24 12:00:01
Davis scrub complete, time elapsed: 6.27 minutes
2017-10-24 12:30:01
Davis scrub complete, time elapsed: 5.60 minutes
2017-10-24 13:00:01
Davis scrub complete, time elapsed: 2.76 minutes
2017-10-24 13:30:01
Davis scrub complete, time elapsed: 2.00 minutes
2017-10-24 14:00:01
Davis scrub complete, time elapsed: 2.08 minutes
2017-10-24 14:30:01
Davis scrub complete, time elapsed: 2.08 minutes
2017-10-24 15:00:01
Davis scrub complete, time elapsed: 1.94 minutes
2017-10-24 15:30:01
Davis scrub complete, time elapsed: 2.08 minutes
2017-10-24 16:00:01
Davis scrub complete, time elapsed: 2.12 minutes
2017-10-24 16:30:01
Davis scrub complete, time elapsed: 1.96 minutes
2017-10-24 17:00:01
Davis scrub complete, time elapsed: 1.97 minutes
2017-10-24 17:30:01
Davis scrub complete, time elapsed: 2.13 minutes
2017-10-24 18:00:01
Davis scrub complete, time elapsed: 3.41 minutes
2017-10-24 18:30:01
Davis scrub complete, time elapsed: 2.68 minutes
2017-10-24 19:00:01
Davis scrub complete, time elapsed: 3.01 minutes
2017-10-24 19:30:02
Davis scrub complete, time elapsed: 3.34 minutes
2017-10-24 20:00:01
Davis scrub complete, time elapsed: 3.14 minutes
2017-10-24 20:30:01
Davis scrub complete, time elapsed: 2.92 minutes
2017-10-24 21:00:01
Davis scrub complete, time elapsed: 3.05 minutes
2017-10-24 21:30:01
Davis scrub complete, time elapsed: 2.80 minutes
2017-10-24 22:00:01
Davis scrub complete, time elapsed: 2.91 minutes
2017-10-24 22:30:01
Davis scrub complete, time elapsed: 2.78 minutes
2017-10-24 23:00:01
Davis scrub complete, time elapsed: 3.00 minutes
2017-10-24 23:30:01
Davis scrub complete, time elapsed: 3.16 minutes
2017-10-25 00:00:01
Davis scrub complete, time elapsed: 3.24 minutes
2017-10-25 00:30:01
Davis scrub complete, time elapsed: 2.71 minutes
2017-10-25 01:00:01
Davis scrub complete, time elapsed: 2.98 minutes
2017-10-25 01:30:01
Davis scrub complete, time elapsed: 2.88 minutes
2017-10-25 02:00:01
Davis scrub complete, time elapsed: 2.87 minutes
2017-10-25 02:30:01
Davis scrub complete, time elapsed: 2.20 minutes
2017-10-25 03:00:01
Davis scrub complete, time elapsed: 1.80 minutes
2017-10-25 03:30:01
Davis scrub complete, time elapsed: 2.10 minutes
2017-10-25 04:00:01
Davis scrub complete, time elapsed: 1.90 minutes
2017-10-25 04:30:01
Davis scrub complete, time elapsed: 1.83 minutes
2017-10-25 05:00:01
Davis scrub complete, time elapsed: 3.03 minutes
2017-10-25 05:30:01
Davis scrub complete, time elapsed: 2.79 minutes
2017-10-25 06:00:01
Davis scrub complete, time elapsed: 2.94 minutes
2017-10-25 06:30:01
Davis scrub complete, time elapsed: 3.21 minutes
2017-10-25 07:00:01
Davis scrub complete, time elapsed: 2.79 minutes
2017-10-25 07:30:01
Davis scrub complete, time elapsed: 3.08 minutes
2017-10-25 08:00:01
Davis scrub complete, time elapsed: 3.05 minutes
2017-10-25 08:30:01
Davis scrub complete, time elapsed: 2.71 minutes
2017-10-25 09:00:01
Davis scrub complete, time elapsed: 2.62 minutes
2017-10-25 09:30:01
Davis scrub complete, time elapsed: 2.42 minutes
2017-10-25 10:00:02
Davis scrub complete, time elapsed: 2.47 minutes
2017-10-25 10:30:01
Davis scrub complete, time elapsed: 2.46 minutes
2017-10-25 11:00:01
Davis scrub complete, time elapsed: 2.91 minutes
2017-10-25 11:30:01
Davis scrub complete, time elapsed: 2.59 minutes
2017-10-25 12:00:01
Davis scrub complete, time elapsed: 3.11 minutes
2017-10-25 12:30:01
Davis scrub complete, time elapsed: 3.22 minutes
2017-10-25 13:00:01
Davis scrub complete, time elapsed: 2.72 minutes
2017-10-25 13:30:01
Davis scrub complete, time elapsed: 2.58 minutes
2017-10-25 14:00:01
Davis scrub complete, time elapsed: 2.60 minutes
2017-10-25 14:30:01
Davis scrub complete, time elapsed: 3.56 minutes
2017-10-25 15:00:01
Davis scrub complete, time elapsed: 3.05 minutes
2017-10-25 15:30:01
Davis scrub complete, time elapsed: 2.31 minutes
2017-10-25 16:00:01
Davis scrub complete, time elapsed: 2.46 minutes
2017-10-25 16:30:01
Davis scrub complete, time elapsed: 2.07 minutes
2017-10-25 17:00:01
Davis scrub complete, time elapsed: 3.09 minutes
2017-10-25 17:30:01
Davis scrub complete, time elapsed: 2.12 minutes
2017-10-25 18:00:01
Davis scrub complete, time elapsed: 2.21 minutes
2017-10-25 18:30:01
Davis scrub complete, time elapsed: 2.27 minutes
2017-10-25 19:00:01
Davis scrub complete, time elapsed: 2.16 minutes
2017-10-25 19:30:01
Davis scrub complete, time elapsed: 2.57 minutes
2017-10-25 20:00:01
Davis scrub complete, time elapsed: 1.89 minutes
2017-10-25 20:30:01
Davis scrub complete, time elapsed: 1.99 minutes
2017-10-25 21:00:01
Davis scrub complete, time elapsed: 2.04 minutes
2017-10-25 21:30:01
Davis scrub complete, time elapsed: 1.95 minutes
2017-10-25 22:00:01
Davis scrub complete, time elapsed: 2.32 minutes
2017-10-25 22:30:01
Davis scrub complete, time elapsed: 2.19 minutes
2017-10-25 23:00:01
Davis scrub complete, time elapsed: 1.82 minutes
2017-10-25 23:30:01
Davis scrub complete, time elapsed: 1.80 minutes
2017-10-26 00:00:01
Davis scrub complete, time elapsed: 1.89 minutes
2017-10-26 00:30:01
Davis scrub complete, time elapsed: 2.56 minutes
2017-10-26 01:00:01
Davis scrub complete, time elapsed: 1.83 minutes
2017-10-26 01:30:01
Davis scrub complete, time elapsed: 2.20 minutes
2017-10-26 02:00:01
Davis scrub complete, time elapsed: 1.91 minutes
2017-10-26 02:30:01
Davis scrub complete, time elapsed: 2.05 minutes
2017-10-26 03:00:01
Davis scrub complete, time elapsed: 2.03 minutes
2017-10-26 03:30:01
Davis scrub complete, time elapsed: 1.96 minutes
2017-10-26 04:00:01
Davis scrub complete, time elapsed: 1.95 minutes
2017-10-26 04:30:01
Davis scrub complete, time elapsed: 1.97 minutes
2017-10-26 05:00:01
Davis scrub complete, time elapsed: 1.98 minutes
2017-10-26 05:30:01
Davis scrub complete, time elapsed: 1.96 minutes
2017-10-26 06:00:01
Davis scrub complete, time elapsed: 2.04 minutes
2017-10-26 06:30:01
Davis scrub complete, time elapsed: 2.08 minutes
2017-10-26 07:00:01
Davis scrub complete, time elapsed: 2.23 minutes
2017-10-26 07:30:01
Davis scrub complete, time elapsed: 2.01 minutes
2017-10-26 08:00:01
Davis scrub complete, time elapsed: 2.64 minutes
2017-10-26 08:30:01
Davis scrub complete, time elapsed: 1.96 minutes
2017-10-26 09:00:01
Davis scrub complete, time elapsed: 2.06 minutes
2017-10-26 09:30:01
Davis scrub complete, time elapsed: 2.12 minutes
2017-10-26 10:00:01
Davis scrub complete, time elapsed: 2.46 minutes
2017-10-26 10:30:01
Davis scrub complete, time elapsed: 2.13 minutes
2017-10-26 11:00:01
Davis scrub complete, time elapsed: 2.07 minutes
2017-10-26 11:30:01
Davis scrub complete, time elapsed: 2.08 minutes
2017-10-26 12:00:01
Davis scrub complete, time elapsed: 1.78 minutes
2017-10-26 12:30:01
Davis scrub complete, time elapsed: 2.01 minutes
2017-10-26 13:00:01
Davis scrub complete, time elapsed: 2.12 minutes
2017-10-26 13:30:01
Davis scrub complete, time elapsed: 1.92 minutes
2017-10-26 14:00:01
Davis scrub complete, time elapsed: 1.99 minutes
2017-10-26 14:30:01
Davis scrub complete, time elapsed: 2.07 minutes
2017-10-26 15:00:01
Davis scrub complete, time elapsed: 2.08 minutes
2017-10-26 15:30:01
Davis scrub complete, time elapsed: 2.01 minutes
2017-10-26 16:00:01
Davis scrub complete, time elapsed: 2.09 minutes
2017-10-26 16:30:01
Davis scrub complete, time elapsed: 2.11 minutes
2017-10-26 17:00:01
Davis scrub complete, time elapsed: 2.50 minutes
2017-10-26 17:30:01
Davis scrub complete, time elapsed: 2.09 minutes
2017-10-26 18:00:01
Davis scrub complete, time elapsed: 2.32 minutes
2017-10-26 18:30:01
Davis scrub complete, time elapsed: 4.25 minutes
2017-10-26 19:00:01
Davis scrub complete, time elapsed: 2.22 minutes
2017-10-26 19:30:01
Davis scrub complete, time elapsed: 2.47 minutes
2017-10-26 20:00:01
Davis scrub complete, time elapsed: 2.08 minutes
2017-10-26 20:30:01
Davis scrub complete, time elapsed: 2.07 minutes
2017-10-26 21:00:01
Davis scrub complete, time elapsed: 2.09 minutes
2017-10-26 21:30:01
Davis scrub complete, time elapsed: 2.27 minutes
2017-10-26 22:00:01
Davis scrub complete, time elapsed: 2.02 minutes
2017-10-26 22:30:01
Davis scrub complete, time elapsed: 2.23 minutes
2017-10-26 23:00:01
Davis scrub complete, time elapsed: 1.95 minutes
2017-10-26 23:30:01
Davis scrub complete, time elapsed: 2.15 minutes
2017-10-27 00:00:01
Davis scrub complete, time elapsed: 1.96 minutes
2017-10-27 00:30:01
Davis scrub complete, time elapsed: 1.98 minutes
2017-10-27 01:00:01
Davis scrub complete, time elapsed: 1.80 minutes
2017-10-27 01:30:01
Davis scrub complete, time elapsed: 2.40 minutes
2017-10-27 02:00:01
Davis scrub complete, time elapsed: 1.85 minutes
2017-10-27 02:30:01
Davis scrub complete, time elapsed: 1.94 minutes
2017-10-27 03:00:01
Davis scrub complete, time elapsed: 1.93 minutes
2017-10-27 03:30:01
Davis scrub complete, time elapsed: 2.02 minutes
2017-10-27 04:00:01
Davis scrub complete, time elapsed: 2.42 minutes
2017-10-27 04:30:02
Davis scrub complete, time elapsed: 1.91 minutes
2017-10-27 05:00:01
Davis scrub complete, time elapsed: 2.36 minutes
2017-10-27 05:30:01
Davis scrub complete, time elapsed: 2.10 minutes
2017-10-27 06:00:01
Davis scrub complete, time elapsed: 2.24 minutes
2017-10-27 06:30:01
Davis scrub complete, time elapsed: 2.08 minutes
2017-10-27 07:00:01
Davis scrub complete, time elapsed: 2.01 minutes
2017-10-27 07:30:02
Davis scrub complete, time elapsed: 2.43 minutes
2017-10-27 08:00:01
Davis scrub complete, time elapsed: 2.05 minutes
2017-10-27 08:30:01
Davis scrub complete, time elapsed: 2.07 minutes
2017-10-27 09:00:01
Davis scrub complete, time elapsed: 2.18 minutes
2017-10-27 09:30:01
Davis scrub complete, time elapsed: 2.05 minutes
2017-10-27 10:00:02
Davis scrub complete, time elapsed: 1.37 minutes
2017-10-27 10:30:01
Davis scrub complete, time elapsed: 1.41 minutes
2017-10-27 11:00:01
Davis scrub complete, time elapsed: 1.39 minutes
2017-10-27 11:30:01
Davis scrub complete, time elapsed: 2.17 minutes
2017-10-27 12:00:01
Davis scrub complete, time elapsed: 1.44 minutes
2017-10-27 12:30:01
Davis scrub complete, time elapsed: 1.33 minutes
2017-10-27 13:00:01
Davis scrub complete, time elapsed: 1.65 minutes
2017-10-27 13:30:01
Davis scrub complete, time elapsed: 1.70 minutes
2017-10-27 14:00:01
Davis scrub complete, time elapsed: 1.35 minutes
2017-10-27 14:30:01
Davis scrub complete, time elapsed: 1.39 minutes
2017-10-27 15:00:01
Davis scrub complete, time elapsed: 1.41 minutes
2017-10-27 15:30:01
Davis scrub complete, time elapsed: 1.44 minutes
2017-10-27 16:00:01
Davis scrub complete, time elapsed: 1.33 minutes
2017-10-27 16:30:01
Davis scrub complete, time elapsed: 1.32 minutes
2017-10-27 17:00:01
Davis scrub complete, time elapsed: 1.33 minutes
2017-10-27 17:30:01
Davis scrub complete, time elapsed: 1.31 minutes
2017-10-27 18:00:01
Davis scrub complete, time elapsed: 1.46 minutes
2017-10-27 18:30:01
Davis scrub complete, time elapsed: 1.32 minutes
2017-10-27 19:00:01
Davis scrub complete, time elapsed: 1.58 minutes
2017-10-27 19:30:01
Davis scrub complete, time elapsed: 1.34 minutes
2017-10-27 20:00:01
Davis scrub complete, time elapsed: 1.30 minutes
2017-10-27 20:30:01
Davis scrub complete, time elapsed: 1.68 minutes
2017-10-27 21:00:01
Davis scrub complete, time elapsed: 1.32 minutes
2017-10-27 21:30:01
Davis scrub complete, time elapsed: 1.59 minutes
2017-10-27 22:00:01
Davis scrub complete, time elapsed: 1.45 minutes
2017-10-27 22:30:01
Davis scrub complete, time elapsed: 1.64 minutes
2017-10-27 23:00:02
Davis scrub complete, time elapsed: 1.71 minutes
2017-10-27 23:30:01
Davis scrub complete, time elapsed: 1.37 minutes
2017-10-28 00:00:01
Davis scrub complete, time elapsed: 1.48 minutes
2017-10-28 00:30:01
Davis scrub complete, time elapsed: 1.39 minutes
2017-10-28 01:00:01
Davis scrub complete, time elapsed: 1.51 minutes
2017-10-28 01:30:01
Davis scrub complete, time elapsed: 1.35 minutes
2017-10-28 02:00:01
Davis scrub complete, time elapsed: 1.50 minutes
2017-10-28 02:30:01
Davis scrub complete, time elapsed: 1.31 minutes
2017-10-28 03:00:01
Davis scrub complete, time elapsed: 1.40 minutes
2017-10-28 03:30:01
Davis scrub complete, time elapsed: 1.30 minutes
2017-10-28 04:00:01
Davis scrub complete, time elapsed: 1.28 minutes
2017-10-28 04:30:01
Davis scrub complete, time elapsed: 1.29 minutes
2017-10-28 05:00:01
Davis scrub complete, time elapsed: 1.30 minutes
2017-10-28 05:30:01
Davis scrub complete, time elapsed: 1.29 minutes
2017-10-28 06:00:01
Davis scrub complete, time elapsed: 1.42 minutes
2017-10-28 06:30:01
Davis scrub complete, time elapsed: 1.57 minutes
2017-10-28 07:00:01
Davis scrub complete, time elapsed: 1.31 minutes
2017-10-28 07:30:01
Davis scrub complete, time elapsed: 1.32 minutes
2017-10-28 08:00:01
Davis scrub complete, time elapsed: 1.31 minutes
2017-10-28 08:30:01
Davis scrub complete, time elapsed: 1.32 minutes
2017-10-28 09:00:01
Davis scrub complete, time elapsed: 1.40 minutes
2017-10-28 09:30:01
Davis scrub complete, time elapsed: 1.36 minutes
2017-10-28 10:00:01
Davis scrub complete, time elapsed: 1.31 minutes
2017-10-28 10:30:01
Davis scrub complete, time elapsed: 1.58 minutes
2017-10-28 11:00:01
Davis scrub complete, time elapsed: 1.26 minutes
2017-10-28 11:30:01
Davis scrub complete, time elapsed: 1.45 minutes
2017-10-28 12:00:01
Davis scrub complete, time elapsed: 1.37 minutes
2017-10-28 12:30:01
Davis scrub complete, time elapsed: 1.30 minutes
2017-10-28 13:00:01
Davis scrub complete, time elapsed: 1.29 minutes
2017-10-28 13:30:01
Davis scrub complete, time elapsed: 1.28 minutes
2017-10-28 14:00:01
Davis scrub complete, time elapsed: 1.52 minutes
2017-10-28 14:30:01
Davis scrub complete, time elapsed: 1.29 minutes
2017-10-28 15:00:01
Davis scrub complete, time elapsed: 1.58 minutes
2017-10-28 15:30:01
Davis scrub complete, time elapsed: 1.28 minutes
2017-10-28 16:00:01
Davis scrub complete, time elapsed: 1.31 minutes
2017-10-28 16:30:01
Davis scrub complete, time elapsed: 1.33 minutes
2017-10-28 17:00:01
Davis scrub complete, time elapsed: 1.30 minutes
2017-10-28 17:30:01
Davis scrub complete, time elapsed: 1.30 minutes
2017-10-28 18:00:01
Davis scrub complete, time elapsed: 1.45 minutes
2017-10-28 18:30:01
Davis scrub complete, time elapsed: 1.32 minutes
2017-10-28 19:00:01
Davis scrub complete, time elapsed: 1.30 minutes
2017-10-28 19:30:01
Davis scrub complete, time elapsed: 1.65 minutes
2017-10-28 20:00:01
Davis scrub complete, time elapsed: 2.03 minutes
2017-10-28 20:30:01
Davis scrub complete, time elapsed: 1.70 minutes
2017-10-28 21:00:01
Davis scrub complete, time elapsed: 1.59 minutes
2017-10-28 21:30:01
Davis scrub complete, time elapsed: 1.47 minutes
2017-10-28 22:00:01
Davis scrub complete, time elapsed: 1.32 minutes
2017-10-28 22:30:01
Davis scrub complete, time elapsed: 1.31 minutes
2017-10-28 23:00:01
Davis scrub complete, time elapsed: 1.29 minutes
2017-10-28 23:30:01
Davis scrub complete, time elapsed: 1.30 minutes
2017-10-29 00:00:01
Davis scrub complete, time elapsed: 1.40 minutes
2017-10-29 00:30:01
Davis scrub complete, time elapsed: 1.31 minutes
2017-10-29 01:00:01
Davis scrub complete, time elapsed: 1.26 minutes
2017-10-29 01:30:01
Davis scrub complete, time elapsed: 1.47 minutes
2017-10-29 02:00:01
Davis scrub complete, time elapsed: 1.37 minutes
2017-10-29 02:30:01
Davis scrub complete, time elapsed: 1.39 minutes
2017-10-29 03:00:01
Davis scrub complete, time elapsed: 1.30 minutes
2017-10-29 03:30:01
Davis scrub complete, time elapsed: 1.28 minutes
2017-10-29 04:00:01
Davis scrub complete, time elapsed: 1.27 minutes
2017-10-29 04:30:01
Davis scrub complete, time elapsed: 1.29 minutes
2017-10-29 05:00:01
Davis scrub complete, time elapsed: 1.29 minutes
2017-10-29 05:30:01
Davis scrub complete, time elapsed: 1.33 minutes
2017-10-29 06:00:01
Davis scrub complete, time elapsed: 1.40 minutes
2017-10-29 06:30:01
Davis scrub complete, time elapsed: 1.45 minutes
2017-10-29 07:00:01
Davis scrub complete, time elapsed: 1.44 minutes
2017-10-29 07:30:01
Davis scrub complete, time elapsed: 1.30 minutes
2017-10-29 08:00:01
Davis scrub complete, time elapsed: 1.29 minutes
2017-10-29 08:30:01
Davis scrub complete, time elapsed: 1.40 minutes
2017-10-29 09:00:01
Davis scrub complete, time elapsed: 1.28 minutes
2017-10-29 09:30:01
Davis scrub complete, time elapsed: 1.28 minutes
2017-10-29 10:00:01
Davis scrub complete, time elapsed: 1.30 minutes
2017-10-29 10:30:01
Davis scrub complete, time elapsed: 2.30 minutes
2017-10-29 11:00:01
Davis scrub complete, time elapsed: 1.55 minutes
2017-10-29 11:30:01
Davis scrub complete, time elapsed: 2.42 minutes
2017-10-29 12:00:01
Davis scrub complete, time elapsed: 1.42 minutes
2017-10-29 12:30:01
Davis scrub complete, time elapsed: 1.31 minutes
2017-10-29 13:00:01
Davis scrub complete, time elapsed: 1.42 minutes
2017-10-29 13:30:01
Davis scrub complete, time elapsed: 1.28 minutes
2017-10-29 14:00:01
Davis scrub complete, time elapsed: 1.27 minutes
2017-10-29 14:30:01
Davis scrub complete, time elapsed: 1.27 minutes
2017-10-29 15:00:01
Davis scrub complete, time elapsed: 1.30 minutes
2017-10-29 15:30:01
Davis scrub complete, time elapsed: 1.28 minutes
2017-10-29 16:00:01
Davis scrub complete, time elapsed: 1.32 minutes
2017-10-29 16:30:01
Davis scrub complete, time elapsed: 1.35 minutes
2017-10-29 17:00:01
Davis scrub complete, time elapsed: 1.33 minutes
2017-10-29 17:30:01
Davis scrub complete, time elapsed: 1.32 minutes
2017-10-29 18:00:01
Davis scrub complete, time elapsed: 1.45 minutes
2017-10-29 18:30:01
Davis scrub complete, time elapsed: 1.34 minutes
2017-10-29 19:00:01
Davis scrub complete, time elapsed: 1.29 minutes
2017-10-29 19:30:01
Davis scrub complete, time elapsed: 1.40 minutes
2017-10-29 20:00:01
Davis scrub complete, time elapsed: 1.41 minutes
2017-10-29 20:30:01
Davis scrub complete, time elapsed: 1.49 minutes
2017-10-29 21:00:01
Davis scrub complete, time elapsed: 1.31 minutes
2017-10-29 21:30:01
Davis scrub complete, time elapsed: 1.61 minutes
2017-10-29 22:00:01
Davis scrub complete, time elapsed: 1.43 minutes
2017-10-29 22:30:01
Davis scrub complete, time elapsed: 1.29 minutes
2017-10-29 23:00:01
Davis scrub complete, time elapsed: 1.33 minutes
2017-10-29 23:30:01
Davis scrub complete, time elapsed: 1.32 minutes
2017-10-30 00:00:01
Davis scrub complete, time elapsed: 1.47 minutes
2017-10-30 00:30:02
Davis scrub complete, time elapsed: 1.38 minutes
2017-10-30 01:00:01
Davis scrub complete, time elapsed: 1.27 minutes
2017-10-30 01:30:01
Davis scrub complete, time elapsed: 1.28 minutes
2017-10-30 02:00:01
Davis scrub complete, time elapsed: 1.27 minutes
2017-10-30 02:30:01
Davis scrub complete, time elapsed: 1.27 minutes
2017-10-30 03:00:01
Davis scrub complete, time elapsed: 1.29 minutes
2017-10-30 03:30:01
Davis scrub complete, time elapsed: 1.28 minutes
2017-10-30 04:00:01
Davis scrub complete, time elapsed: 1.28 minutes
2017-10-30 04:30:01
Davis scrub complete, time elapsed: 1.32 minutes
2017-10-30 05:00:01
Davis scrub complete, time elapsed: 1.29 minutes
2017-10-30 05:30:01
Davis scrub complete, time elapsed: 1.29 minutes
2017-10-30 06:00:01
Davis scrub complete, time elapsed: 1.44 minutes
2017-10-30 06:30:01
Davis scrub complete, time elapsed: 1.39 minutes
2017-10-30 07:00:01
Davis scrub complete, time elapsed: 1.81 minutes
2017-10-30 07:30:01
Davis scrub complete, time elapsed: 1.28 minutes
2017-10-30 08:00:01
Davis scrub complete, time elapsed: 1.29 minutes
2017-10-30 08:30:01
Davis scrub complete, time elapsed: 1.30 minutes
2017-10-30 09:00:01
Davis scrub complete, time elapsed: 1.42 minutes
2017-10-30 09:30:01
Davis scrub complete, time elapsed: 1.45 minutes
2017-10-30 10:00:01
Davis scrub complete, time elapsed: 1.36 minutes
2017-10-30 10:30:01
Davis scrub complete, time elapsed: 3.89 minutes
2017-10-30 11:00:01
Davis scrub complete, time elapsed: 3.79 minutes
2017-10-30 11:30:01
Davis scrub complete, time elapsed: 5.65 minutes
2017-10-30 12:00:01
Davis scrub complete, time elapsed: 1.44 minutes
2017-10-30 12:30:01
Davis scrub complete, time elapsed: 1.19 minutes
2017-10-30 13:00:01
Davis scrub complete, time elapsed: 3.72 minutes
2017-10-30 13:30:01
Davis scrub complete, time elapsed: 3.72 minutes
2017-10-30 14:00:01
Davis scrub complete, time elapsed: 1.84 minutes
2017-10-30 14:30:01
Davis scrub complete, time elapsed: 1.31 minutes
2017-10-30 15:00:01
Davis scrub complete, time elapsed: 1.49 minutes
2017-10-30 15:30:01
Davis scrub complete, time elapsed: 1.33 minutes
2017-10-30 16:00:01
Davis scrub complete, time elapsed: 1.57 minutes
2017-10-30 16:30:01
Davis scrub complete, time elapsed: 2.01 minutes
2017-10-30 17:00:01
Davis scrub complete, time elapsed: 1.29 minutes
2017-10-30 17:30:01
Davis scrub complete, time elapsed: 1.30 minutes
2017-10-30 18:00:01
Davis scrub complete, time elapsed: 1.43 minutes
2017-10-30 18:30:01
Davis scrub complete, time elapsed: 1.30 minutes
2017-10-30 19:00:01
Davis scrub complete, time elapsed: 3.05 minutes
2017-10-30 19:30:01
Davis scrub complete, time elapsed: 1.34 minutes
2017-10-30 20:00:01
Davis scrub complete, time elapsed: 1.32 minutes
2017-10-30 20:30:01
Davis scrub complete, time elapsed: 1.36 minutes
2017-10-30 21:00:01
Davis scrub complete, time elapsed: 1.31 minutes
2017-10-30 21:30:01
Davis scrub complete, time elapsed: 1.34 minutes
2017-10-30 22:00:01
Davis scrub complete, time elapsed: 1.32 minutes
2017-10-30 22:30:01
Davis scrub complete, time elapsed: 1.49 minutes
2017-10-30 23:00:01
Davis scrub complete, time elapsed: 1.35 minutes
2017-10-30 23:30:01
Davis scrub complete, time elapsed: 1.32 minutes
2017-10-31 00:00:01
Davis scrub complete, time elapsed: 1.45 minutes
2017-10-31 00:30:01
Davis scrub complete, time elapsed: 1.50 minutes
2017-10-31 01:00:01
Davis scrub complete, time elapsed: 1.29 minutes
2017-10-31 01:30:01
Davis scrub complete, time elapsed: 1.34 minutes
2017-10-31 02:00:01
Davis scrub complete, time elapsed: 1.31 minutes
2017-10-31 02:30:01
Davis scrub complete, time elapsed: 1.31 minutes
2017-10-31 03:00:01
Davis scrub complete, time elapsed: 1.31 minutes
2017-10-31 03:30:01
Davis scrub complete, time elapsed: 1.29 minutes
2017-10-31 04:00:01
Davis scrub complete, time elapsed: 1.25 minutes
2017-10-31 04:30:01
Davis scrub complete, time elapsed: 1.27 minutes
2017-10-31 05:00:01
Davis scrub complete, time elapsed: 1.27 minutes
2017-10-31 05:30:01
Davis scrub complete, time elapsed: 1.26 minutes
2017-10-31 06:00:01
Davis scrub complete, time elapsed: 1.41 minutes
2017-10-31 06:30:01
Davis scrub complete, time elapsed: 1.32 minutes
2017-10-31 07:00:01
Davis scrub complete, time elapsed: 5.89 minutes
2017-10-31 07:30:01
Davis scrub complete, time elapsed: 2.18 minutes
2017-10-31 08:00:01
Davis scrub complete, time elapsed: 3.77 minutes
2017-10-31 08:30:01
Davis scrub complete, time elapsed: 3.18 minutes
2017-10-31 09:00:01
Davis scrub complete, time elapsed: 3.59 minutes
2017-10-31 09:30:01
Davis scrub complete, time elapsed: 3.11 minutes
2017-10-31 10:00:01
Davis scrub complete, time elapsed: 3.36 minutes
2017-10-31 10:30:01
Davis scrub complete, time elapsed: 3.24 minutes
2017-10-31 11:00:01
Davis scrub complete, time elapsed: 4.15 minutes
2017-10-31 11:30:01
Davis scrub complete, time elapsed: 2.68 minutes
2017-10-31 12:00:01
Davis scrub complete, time elapsed: 4.11 minutes
2017-10-31 12:30:01
Davis scrub complete, time elapsed: 2.97 minutes
2017-10-31 13:00:01
Davis scrub complete, time elapsed: 3.43 minutes
2017-10-31 13:30:01
Davis scrub complete, time elapsed: 2.55 minutes
2017-10-31 14:00:01
Davis scrub complete, time elapsed: 3.12 minutes
2017-10-31 14:30:01
Davis scrub complete, time elapsed: 2.43 minutes
2017-10-31 15:00:01
Davis scrub complete, time elapsed: 2.85 minutes
2017-10-31 15:30:01
Davis scrub complete, time elapsed: 2.15 minutes
2017-10-31 16:00:01
Davis scrub complete, time elapsed: 3.18 minutes
2017-10-31 16:30:01
Davis scrub complete, time elapsed: 2.89 minutes
2017-10-31 17:00:01
Davis scrub complete, time elapsed: 2.37 minutes
2017-10-31 17:30:01
Davis scrub complete, time elapsed: 2.28 minutes
2017-10-31 18:00:01
Davis scrub complete, time elapsed: 2.51 minutes
2017-10-31 18:30:01
Davis scrub complete, time elapsed: 2.03 minutes
2017-10-31 19:00:01
Davis scrub complete, time elapsed: 2.26 minutes
2017-10-31 19:30:01
Davis scrub complete, time elapsed: 2.22 minutes
2017-10-31 20:00:01
Davis scrub complete, time elapsed: 2.32 minutes
2017-10-31 20:30:01
Davis scrub complete, time elapsed: 2.08 minutes
2017-10-31 21:00:01
Davis scrub complete, time elapsed: 2.24 minutes
2017-10-31 21:30:01
Davis scrub complete, time elapsed: 2.13 minutes
2017-10-31 22:00:01
Davis scrub complete, time elapsed: 2.08 minutes
2017-10-31 22:30:01
Davis scrub complete, time elapsed: 2.35 minutes
2017-10-31 23:00:01
Davis scrub complete, time elapsed: 1.97 minutes
2017-10-31 23:30:01
Davis scrub complete, time elapsed: 2.09 minutes
2017-11-01 00:00:01
Davis scrub complete, time elapsed: 1.84 minutes
2017-11-01 00:30:01
Davis scrub complete, time elapsed: 2.08 minutes
2017-11-01 01:00:01
Davis scrub complete, time elapsed: 1.90 minutes
2017-11-01 01:30:01
Davis scrub complete, time elapsed: 1.93 minutes
2017-11-01 02:00:01
Davis scrub complete, time elapsed: 2.23 minutes
2017-11-01 02:30:01
Davis scrub complete, time elapsed: 1.91 minutes
2017-11-01 03:00:01
Davis scrub complete, time elapsed: 1.96 minutes
2017-11-01 03:30:01
Davis scrub complete, time elapsed: 1.94 minutes
2017-11-01 04:00:01
Davis scrub complete, time elapsed: 2.04 minutes
2017-11-01 04:30:01
Davis scrub complete, time elapsed: 1.91 minutes
2017-11-01 05:00:01
Davis scrub complete, time elapsed: 2.30 minutes
2017-11-01 05:30:01
Davis scrub complete, time elapsed: 2.25 minutes
2017-11-01 06:00:01
Davis scrub complete, time elapsed: 2.27 minutes
2017-11-01 06:30:01
Davis scrub complete, time elapsed: 2.12 minutes
2017-11-01 07:00:01
Davis scrub complete, time elapsed: 4.73 minutes
2017-11-01 07:30:01
Davis scrub complete, time elapsed: 3.44 minutes
2017-11-01 08:00:01
Davis scrub complete, time elapsed: 3.15 minutes
2017-11-01 08:30:01
Davis scrub complete, time elapsed: 2.39 minutes
2017-11-01 09:00:01
Davis scrub complete, time elapsed: 4.84 minutes
2017-11-01 09:30:01
Davis scrub complete, time elapsed: 2.94 minutes
2017-11-01 10:00:01
Davis scrub complete, time elapsed: 4.51 minutes
2017-11-01 10:30:01
Davis scrub complete, time elapsed: 2.25 minutes
2017-11-01 11:00:01
Davis scrub complete, time elapsed: 3.32 minutes
2017-11-01 11:30:01
Davis scrub complete, time elapsed: 2.74 minutes
2017-11-01 12:00:01
Davis scrub complete, time elapsed: 4.62 minutes
2017-11-01 12:30:01
Davis scrub complete, time elapsed: 5.33 minutes
2017-11-01 13:00:01
Davis scrub complete, time elapsed: 5.96 minutes
2017-11-01 13:30:01
Davis scrub complete, time elapsed: 5.34 minutes
2017-11-01 14:00:01
Davis scrub complete, time elapsed: 3.24 minutes
2017-11-01 14:30:01
Davis scrub complete, time elapsed: 2.69 minutes
2017-11-01 15:00:01
Davis scrub complete, time elapsed: 2.87 minutes
2017-11-01 15:30:01
Davis scrub complete, time elapsed: 2.70 minutes
2017-11-01 16:00:01
Davis scrub complete, time elapsed: 3.06 minutes
2017-11-01 16:30:01
Davis scrub complete, time elapsed: 2.64 minutes
2017-11-01 17:00:01
Davis scrub complete, time elapsed: 2.99 minutes
2017-11-01 17:30:02
Davis scrub complete, time elapsed: 2.57 minutes
2017-11-01 18:00:02
Davis scrub complete, time elapsed: 3.13 minutes
2017-11-01 18:30:01
Davis scrub complete, time elapsed: 2.79 minutes
2017-11-01 19:00:01
Davis scrub complete, time elapsed: 2.36 minutes
2017-11-01 19:30:01
Davis scrub complete, time elapsed: 2.12 minutes
2017-11-01 20:00:01
Davis scrub complete, time elapsed: 2.28 minutes
2017-11-01 20:30:01
Davis scrub complete, time elapsed: 2.33 minutes
2017-11-01 21:00:01
Davis scrub complete, time elapsed: 2.70 minutes
2017-11-01 21:30:01
Davis scrub complete, time elapsed: 2.58 minutes
2017-11-01 22:00:01
Davis scrub complete, time elapsed: 2.50 minutes
2017-11-01 22:30:01
Davis scrub complete, time elapsed: 2.07 minutes
2017-11-01 23:00:01
Davis scrub complete, time elapsed: 2.22 minutes
2017-11-01 23:30:01
Davis scrub complete, time elapsed: 2.14 minutes
2017-11-02 00:00:01
Davis scrub complete, time elapsed: 2.16 minutes
2017-11-02 00:30:01
Davis scrub complete, time elapsed: 2.16 minutes
2017-11-02 01:00:01
Davis scrub complete, time elapsed: 1.99 minutes
2017-11-02 01:30:01
Davis scrub complete, time elapsed: 2.34 minutes
2017-11-02 02:00:01
Davis scrub complete, time elapsed: 1.96 minutes
2017-11-02 02:30:01
Davis scrub complete, time elapsed: 2.17 minutes
2017-11-02 03:00:01
Davis scrub complete, time elapsed: 2.09 minutes
2017-11-02 03:30:01
Davis scrub complete, time elapsed: 1.96 minutes
2017-11-02 04:00:01
Davis scrub complete, time elapsed: 2.10 minutes
2017-11-02 04:30:02
Davis scrub complete, time elapsed: 2.06 minutes
2017-11-02 05:00:01
Davis scrub complete, time elapsed: 1.97 minutes
2017-11-02 05:30:01
Davis scrub complete, time elapsed: 2.15 minutes
2017-11-02 06:00:01
Davis scrub complete, time elapsed: 2.24 minutes
2017-11-02 06:30:01
Davis scrub complete, time elapsed: 2.55 minutes
2017-11-02 07:00:01
Davis scrub complete, time elapsed: 2.61 minutes
2017-11-02 07:30:01
Davis scrub complete, time elapsed: 2.11 minutes
2017-11-02 08:00:01
Davis scrub complete, time elapsed: 3.20 minutes
2017-11-02 08:30:01
Davis scrub complete, time elapsed: 2.26 minutes
2017-11-02 09:00:01
Davis scrub complete, time elapsed: 3.58 minutes
2017-11-02 09:30:01
Davis scrub complete, time elapsed: 3.22 minutes
2017-11-02 10:00:01
Davis scrub complete, time elapsed: 2.87 minutes
2017-11-02 10:15:01
Davis scrub complete, time elapsed: 2.22 minutes
2017-11-02 10:30:01
Davis scrub complete, time elapsed: 2.26 minutes
2017-11-02 10:45:01
Davis scrub complete, time elapsed: 2.13 minutes
2017-11-02 11:00:01
Davis scrub complete, time elapsed: 3.36 minutes
2017-11-02 11:15:01
Davis scrub complete, time elapsed: 3.31 minutes
2017-11-02 11:30:01
Davis scrub complete, time elapsed: 3.23 minutes
2017-11-02 11:45:01
Davis scrub complete, time elapsed: 3.16 minutes
2017-11-02 12:00:01
Davis scrub complete, time elapsed: 3.03 minutes
2017-11-02 12:15:01
Davis scrub complete, time elapsed: 2.18 minutes
2017-11-02 12:30:01
Davis scrub complete, time elapsed: 2.65 minutes
2017-11-02 12:45:01
Davis scrub complete, time elapsed: 2.21 minutes
2017-11-02 13:00:01
Davis scrub complete, time elapsed: 3.02 minutes
2017-11-02 13:15:01
Davis scrub complete, time elapsed: 2.13 minutes
2017-11-02 13:30:01
Davis scrub complete, time elapsed: 2.27 minutes
2017-11-02 13:45:01
Davis scrub complete, time elapsed: 2.09 minutes
2017-11-02 14:00:02
Davis scrub complete, time elapsed: 2.51 minutes
2017-11-02 14:15:01
Davis scrub complete, time elapsed: 2.15 minutes
2017-11-02 14:30:01
Davis scrub complete, time elapsed: 2.11 minutes
2017-11-02 14:45:01
Davis scrub complete, time elapsed: 2.21 minutes
2017-11-02 15:00:01
Davis scrub complete, time elapsed: 2.26 minutes
2017-11-02 15:15:01
Davis scrub complete, time elapsed: 2.18 minutes
2017-11-02 15:30:01
Davis scrub complete, time elapsed: 2.17 minutes
2017-11-02 15:45:01
Davis scrub complete, time elapsed: 2.23 minutes
2017-11-02 16:00:01
Davis scrub complete, time elapsed: 2.28 minutes
2017-11-02 16:15:02
2017-11-02 16:30:01
Davis scrub complete, time elapsed: 2.42 minutes
2017-11-02 16:45:01
Davis scrub complete, time elapsed: 2.14 minutes
2017-11-02 17:00:01
Davis scrub complete, time elapsed: 2.27 minutes
2017-11-02 17:15:01
Davis scrub complete, time elapsed: 2.16 minutes
2017-11-02 17:30:01
Davis scrub complete, time elapsed: 2.10 minutes
2017-11-02 17:45:01
Davis scrub complete, time elapsed: 2.05 minutes
2017-11-02 18:00:01
Davis scrub complete, time elapsed: 2.39 minutes
2017-11-02 18:15:01
Davis scrub complete, time elapsed: 2.10 minutes
2017-11-02 18:30:01
Davis scrub complete, time elapsed: 2.13 minutes
2017-11-02 18:45:01
Davis scrub complete, time elapsed: 2.11 minutes
2017-11-02 19:00:01
Davis scrub complete, time elapsed: 2.17 minutes
2017-11-02 19:15:01
Davis scrub complete, time elapsed: 2.23 minutes
2017-11-02 19:30:01
Davis scrub complete, time elapsed: 2.48 minutes
2017-11-02 19:45:01
Davis scrub complete, time elapsed: 2.46 minutes
2017-11-02 20:00:01
Davis scrub complete, time elapsed: 2.14 minutes
2017-11-02 20:15:01
Davis scrub complete, time elapsed: 2.04 minutes
2017-11-02 20:30:01
Davis scrub complete, time elapsed: 2.16 minutes
2017-11-02 20:45:01
Davis scrub complete, time elapsed: 2.00 minutes
2017-11-02 21:00:01
Davis scrub complete, time elapsed: 2.13 minutes
2017-11-02 21:15:01
Davis scrub complete, time elapsed: 2.06 minutes
2017-11-02 21:30:01
Davis scrub complete, time elapsed: 2.15 minutes
2017-11-02 21:45:01
Davis scrub complete, time elapsed: 2.01 minutes
2017-11-02 22:00:01
Davis scrub complete, time elapsed: 2.21 minutes
2017-11-02 22:15:01
Davis scrub complete, time elapsed: 1.99 minutes
2017-11-02 22:30:01
Davis scrub complete, time elapsed: 1.97 minutes
2017-11-02 22:45:01
Davis scrub complete, time elapsed: 2.00 minutes
2017-11-02 23:00:01
Davis scrub complete, time elapsed: 2.02 minutes
2017-11-02 23:15:01
Davis scrub complete, time elapsed: 2.03 minutes
2017-11-02 23:30:01
Davis scrub complete, time elapsed: 2.04 minutes
2017-11-02 23:45:01
Davis scrub complete, time elapsed: 2.00 minutes
2017-11-03 00:00:01
Davis scrub complete, time elapsed: 2.24 minutes
2017-11-03 00:15:01
Davis scrub complete, time elapsed: 1.99 minutes
2017-11-03 00:30:01
Davis scrub complete, time elapsed: 2.56 minutes
2017-11-03 00:45:01
Davis scrub complete, time elapsed: 2.77 minutes
2017-11-03 01:00:01
Davis scrub complete, time elapsed: 1.95 minutes
2017-11-03 01:15:01
Davis scrub complete, time elapsed: 2.66 minutes
2017-11-03 01:30:01
Davis scrub complete, time elapsed: 2.11 minutes
2017-11-03 01:45:01
Davis scrub complete, time elapsed: 1.98 minutes
2017-11-03 02:00:01
Davis scrub complete, time elapsed: 2.01 minutes
2017-11-03 02:15:01
Davis scrub complete, time elapsed: 1.95 minutes
2017-11-03 02:30:01
Davis scrub complete, time elapsed: 1.93 minutes
2017-11-03 02:45:01
Davis scrub complete, time elapsed: 2.58 minutes
2017-11-03 03:00:01
Davis scrub complete, time elapsed: 1.97 minutes
2017-11-03 03:15:01
Davis scrub complete, time elapsed: 1.97 minutes
2017-11-03 03:30:01
Davis scrub complete, time elapsed: 2.13 minutes
2017-11-03 03:45:01
Davis scrub complete, time elapsed: 1.95 minutes
2017-11-03 04:00:01
Davis scrub complete, time elapsed: 2.00 minutes
2017-11-03 04:15:01
Davis scrub complete, time elapsed: 2.00 minutes
2017-11-03 04:30:01
Davis scrub complete, time elapsed: 2.06 minutes
2017-11-03 04:45:01
Davis scrub complete, time elapsed: 2.30 minutes
2017-11-03 05:00:01
Davis scrub complete, time elapsed: 2.01 minutes
2017-11-03 05:15:01
Davis scrub complete, time elapsed: 2.00 minutes
2017-11-03 05:30:01
Davis scrub complete, time elapsed: 2.06 minutes
2017-11-03 05:45:01
Davis scrub complete, time elapsed: 2.03 minutes
2017-11-03 06:00:01
Davis scrub complete, time elapsed: 2.41 minutes
2017-11-03 06:15:01
Davis scrub complete, time elapsed: 2.34 minutes
2017-11-03 06:30:01
Davis scrub complete, time elapsed: 2.53 minutes
2017-11-03 06:45:01
Davis scrub complete, time elapsed: 2.60 minutes
2017-11-03 07:00:01
Davis scrub complete, time elapsed: 3.38 minutes
2017-11-03 07:15:01
Davis scrub complete, time elapsed: 2.41 minutes
2017-11-03 07:30:01
Davis scrub complete, time elapsed: 2.72 minutes
2017-11-03 07:45:01
Davis scrub complete, time elapsed: 2.36 minutes
2017-11-03 08:00:01
Davis scrub complete, time elapsed: 3.59 minutes
2017-11-03 08:15:01
Davis scrub complete, time elapsed: 2.43 minutes
2017-11-03 08:30:01
Davis scrub complete, time elapsed: 2.76 minutes
2017-11-03 08:45:01
Davis scrub complete, time elapsed: 2.53 minutes
2017-11-03 09:00:01
Davis scrub complete, time elapsed: 4.20 minutes
2017-11-03 09:15:01
Davis scrub complete, time elapsed: 2.35 minutes
2017-11-03 09:30:01
Davis scrub complete, time elapsed: 2.40 minutes
2017-11-03 09:45:01
Davis scrub complete, time elapsed: 2.30 minutes
2017-11-03 10:00:01
Davis scrub complete, time elapsed: 4.91 minutes
2017-11-03 10:15:01
Davis scrub complete, time elapsed: 3.84 minutes
2017-11-03 10:30:01
Davis scrub complete, time elapsed: 3.52 minutes
2017-11-03 10:45:01
Davis scrub complete, time elapsed: 4.07 minutes
2017-11-03 11:00:01
Davis scrub complete, time elapsed: 4.26 minutes
2017-11-03 11:15:01
Davis scrub complete, time elapsed: 2.80 minutes
2017-11-03 11:30:01
Davis scrub complete, time elapsed: 3.11 minutes
2017-11-03 11:45:01
Davis scrub complete, time elapsed: 2.46 minutes
2017-11-03 12:00:01
Davis scrub complete, time elapsed: 2.72 minutes
2017-11-03 12:15:01
Davis scrub complete, time elapsed: 2.33 minutes
2017-11-03 12:30:01
Davis scrub complete, time elapsed: 2.50 minutes
2017-11-03 12:45:01
Davis scrub complete, time elapsed: 2.26 minutes
2017-11-03 13:00:01
Davis scrub complete, time elapsed: 2.43 minutes
2017-11-03 13:15:01
Davis scrub complete, time elapsed: 2.35 minutes
2017-11-03 13:30:01
Davis scrub complete, time elapsed: 2.20 minutes
2017-11-03 13:45:01
Davis scrub complete, time elapsed: 2.18 minutes
2017-11-03 14:00:01
Davis scrub complete, time elapsed: 2.33 minutes
2017-11-03 14:15:01
Davis scrub complete, time elapsed: 2.13 minutes
2017-11-03 14:30:01
Davis scrub complete, time elapsed: 2.13 minutes
2017-11-03 14:45:01
Davis scrub complete, time elapsed: 2.09 minutes
2017-11-03 15:00:01
Davis scrub complete, time elapsed: 2.80 minutes
2017-11-03 15:15:01
Davis scrub complete, time elapsed: 2.15 minutes
2017-11-03 15:30:01
Davis scrub complete, time elapsed: 2.16 minutes
2017-11-03 15:45:01
Davis scrub complete, time elapsed: 2.13 minutes
